d:\gitlab\3110-group-project\linked_list_updated\linked list\release\vc143.pdb
d:\gitlab\3110-group-project\linked_list_updated\linked list\release\source.obj
d:\gitlab\3110-group-project\linked_list_updated\linked list\release\node.obj
d:\gitlab\3110-group-project\linked_list_updated\linked list\release\linkedlist.obj
d:\gitlab\3110-group-project\linked_list_updated\linked list\release\housekeeping.obj
d:\gitlab\3110-group-project\linked_list_updated\linked list\release\filereader.obj
d:\gitlab\3110-group-project\linked_list_updated\release\linked list.exe
d:\gitlab\3110-group-project\linked_list_updated\release\linked list.pdb
d:\gitlab\3110-group-project\linked_list_updated\linked list\release\linked list.ipdb
d:\gitlab\3110-group-project\linked_list_updated\linked list\release\linked list.iobj
c:\users\user\onedrive - unt system\academics @ unt\3110-group-project\linked_list_updated\linked list\release\filereader.obj
c:\users\user\onedrive - unt system\academics @ unt\3110-group-project\linked_list_updated\linked list\release\housekeeping.obj
c:\users\user\onedrive - unt system\academics @ unt\3110-group-project\linked_list_updated\linked list\release\linkedlist.obj
c:\users\user\onedrive - unt system\academics @ unt\3110-group-project\linked_list_updated\linked list\release\node.obj
c:\users\user\onedrive - unt system\academics @ unt\3110-group-project\linked_list_updated\linked list\release\source.obj
c:\users\user\onedrive - unt system\academics @ unt\3110-group-project\linked_list_updated\linked list\release\linked list.ipdb
c:\users\user\onedrive - unt system\academics @ unt\3110-group-project\linked_list_updated\linked list\release\linked list.iobj
c:\users\user\onedrive - unt system\academics @ unt\3110-group-project\linked_list_updated\linked list\release\vc143.pdb
c:\users\user\onedrive - unt system\academics @ unt\3110-group-project\linked_list_updated\release\linked list.pdb
c:\users\user\onedrive - unt system\academics @ unt\3110-group-project\linked_list_updated\release\linked list.exe
c:\users\user\onedrive - unt system\academics @ unt\3110-group-project\linked_list_updated\linked list\release\linked list.tlog\cl.command.1.tlog
c:\users\user\onedrive - unt system\academics @ unt\3110-group-project\linked_list_updated\linked list\release\linked list.tlog\cl.items.tlog
c:\users\user\onedrive - unt system\academics @ unt\3110-group-project\linked_list_updated\linked list\release\linked list.tlog\cl.read.1.tlog
c:\users\user\onedrive - unt system\academics @ unt\3110-group-project\linked_list_updated\linked list\release\linked list.tlog\cl.write.1.tlog
c:\users\user\onedrive - unt system\academics @ unt\3110-group-project\linked_list_updated\linked list\release\linked list.tlog\link.command.1.tlog
c:\users\user\onedrive - unt system\academics @ unt\3110-group-project\linked_list_updated\linked list\release\linked list.tlog\link.read.1.tlog
c:\users\user\onedrive - unt system\academics @ unt\3110-group-project\linked_list_updated\linked list\release\linked list.tlog\link.secondary.1.tlog
c:\users\user\onedrive - unt system\academics @ unt\3110-group-project\linked_list_updated\linked list\release\linked list.tlog\link.write.1.tlog
